<?xml version="1.0" encoding="UTF-8"?>
<testng-results ignored="0" total="1" passed="1" failed="0" skipped="0">
  <reporter-output>
  </reporter-output>
  <suite started-at="2026-08-23T21:41:55 IST" name="Default suite" finished-at="2026-08-23T21:43:16 IST" duration-ms="80069">
    <groups>
    </groups>
    <test started-at="2026-08-23T21:41:55 IST" name="Default test" finished-at="2026-08-23T21:43:16 IST" duration-ms="80069">
      <class name="com.orangehrm.tests.EmployeeDeleteTest">
        <test-method is-config="true" signature="setUp()[pri:0, instance:com.orangehrm.tests.EmployeeDeleteTest@385c9627]" started-at="2026-08-23T21:41:55 IST" name="setUp" finished-at="2026-08-23T21:42:01 IST" duration-ms="5600" status="PASS">
          <reporter-output>
          </reporter-output>
        </test-method> <!-- setUp -->
        <test-method signature="deleteEmployeeTest()[pri:0, instance:com.orangehrm.tests.EmployeeDeleteTest@385c9627]" started-at="2026-08-23T21:42:01 IST" name="deleteEmployeeTest" finished-at="2026-08-23T21:43:15 IST" duration-ms="74005" status="PASS">
          <reporter-output>
          </reporter-output>
        </test-method> <!-- deleteEmployeeTest -->
        <test-method is-config="true" signature="tearDown()[pri:0, instance:com.orangehrm.tests.EmployeeDeleteTest@385c9627]" started-at="2026-08-23T21:43:15 IST" name="tearDown" finished-at="2026-08-23T21:43:16 IST" duration-ms="410" status="PASS">
          <reporter-output>
          </reporter-output>
        </test-method> <!-- tearDown -->
      </class> <!-- com.orangehrm.tests.EmployeeDeleteTest -->
    </test> <!-- Default test -->
  </suite> <!-- Default suite -->
</testng-results>
