<?xml version="1.0" encoding="UTF-8"?>
<!-- Generated by org.testng.reporters.JUnitReportReporter -->
<testsuite hostname="LAPTOP-MV3IKGAF" failures="0" tests="4" name="com.orangehrm.tests.EmployeeApiTest" time="72.587" errors="0" timestamp="2026-08-23T18:20:52 IST" skipped="0">
  <testcase classname="com.orangehrm.tests.EmployeeApiTest" name="createEmployeeTest" time="33.399"/>
  <testcase classname="com.orangehrm.tests.EmployeeApiTest" name="getSingleEmployeeTest" time="16.180"/>
  <testcase classname="com.orangehrm.tests.EmployeeApiTest" name="updateEmployeeTest" time="14.496"/>
  <testcase classname="com.orangehrm.tests.EmployeeApiTest" name="getEmployeeTest" time="8.512"/>
</testsuite> <!-- com.orangehrm.tests.EmployeeApiTest -->
